<?xml version="1.0" encoding="UTF-8"?>
<!-- Generated by org.testng.reporters.JUnitXMLReporter -->
<testsuite hostname="Manju" ignored="0" name="Test" tests="3" failures="0" timestamp="2020-04-29T11:30:24 CDT" time="26.865" errors="0">
  <testcase name="loginpage" time="2.558" classname="com.testcases1.orangehrmtestcases"/>
  <testcase name="login" time="1.444" classname="com.testcases1.Logintestcase"/>
  <testcase name="signup" time="2.227" classname="com.testcases1.RegisterTestcase"/>
</testsuite> <!-- Test -->
