<?xml version="1.0" encoding="UTF-8"?>
<testng-results skipped="0" failed="0" ignored="0" total="1" passed="1">
  <reporter-output>
  </reporter-output>
  <suite name="Default suite" duration-ms="10382" started-at="2020-04-29T14:33:15 CDT" finished-at="2020-04-29T14:33:26 CDT">
    <groups>
    </groups>
    <test name="Default test" duration-ms="10382" started-at="2020-04-29T14:33:15 CDT" finished-at="2020-04-29T14:33:26 CDT">
      <class name="com.testcases1.orangehrmtestcases">
        <test-method status="PASS" signature="startup()[pri:0, instance:com.testcases1.orangehrmtestcases@4e7dc304]" name="startup" is-config="true" duration-ms="6543" started-at="2020-04-29T14:33:15 CDT" finished-at="2020-04-29T14:33:22 CDT">
          <reporter-output>
          </reporter-output>
        </test-method> <!-- startup -->
        <test-method status="PASS" signature="loginpage()[pri:0, instance:com.testcases1.orangehrmtestcases@4e7dc304]" name="loginpage" duration-ms="3205" started-at="2020-04-29T14:33:22 CDT" finished-at="2020-04-29T14:33:25 CDT">
          <reporter-output>
          </reporter-output>
        </test-method> <!-- loginpage -->
        <test-method status="PASS" signature="close()[pri:0, instance:com.testcases1.orangehrmtestcases@4e7dc304]" name="close" is-config="true" duration-ms="556" started-at="2020-04-29T14:33:25 CDT" finished-at="2020-04-29T14:33:26 CDT">
          <reporter-output>
          </reporter-output>
        </test-method> <!-- close -->
      </class> <!-- com.testcases1.orangehrmtestcases -->
    </test> <!-- Default test -->
  </suite> <!-- Default suite -->
</testng-results>
